dFTemplate/build/intermediates/manifest_merge_blame_file/release/manifest-merger-blame-release-report.txt
1<?xml version="1.0" encoding="utf-8"?>
2<manifest xmlns:android="http://schemas.android.com/apk/res/android"
3    package="org.droidfoot.dftemplate"
4    android:versionCode="1"
5    android:versionName="1.0" >
6
7    <uses-sdk
7-->src\main\AndroidManifest.xml:6:5-47
8        android:minSdkVersion="16"
8-->src\main\AndroidManifest.xml:6:5-47
9        android:targetSdkVersion="26" />
9-->src\main\AndroidManifest.xml:6:15-44
10
11    <application
11-->src\main\AndroidManifest.xml:8:5-34:19
12        android:allowBackup="true"
12-->src\main\AndroidManifest.xml:9:9-35
13        android:appComponentFactory="android.support.v4.app.CoreComponentFactory"
13-->[com.android.support:support-compat:28.0.0] AndroidManifest.xml:22:18-91
14        android:icon="@mipmap/icon_launcher"
14-->src\main\AndroidManifest.xml:10:9-45
15        android:label="@string/app_name"
15-->src\main\AndroidManifest.xml:11:9-41
16        android:theme="@style/AppTheme" >
16-->src\main\AndroidManifest.xml:12:9-40
17        <activity
17-->src\main\AndroidManifest.xml:13:11-21:20
18            android:name="org.droidfoot.impossiblemaze.ImpossibleMazeActivity"
18-->src\main\AndroidManifest.xml:14:13-79
19            android:label="@string/app_name" >
19-->src\main\AndroidManifest.xml:15:13-45
20            <intent-filter>
20-->src\main\AndroidManifest.xml:16:13-20:29
21                <action android:name="android.intent.action.MAIN" />
21-->src\main\AndroidManifest.xml:17:17-69
21-->src\main\AndroidManifest.xml:17:25-66
22
23                <category android:name="android.intent.category.LAUNCHER" />
23-->src\main\AndroidManifest.xml:19:17-77
23-->src\main\AndroidManifest.xml:19:27-74
24            </intent-filter>
25        </activity>
26        <activity
26-->src\main\AndroidManifest.xml:22:11-25:20
27            android:name="org.droidfoot.DroidfootActivity"
27-->src\main\AndroidManifest.xml:23:13-59
28            android:label="@string/app_name" >
28-->src\main\AndroidManifest.xml:24:13-45
29        </activity>
30        <activity
30-->src\main\AndroidManifest.xml:26:9-29:20
31            android:name="org.droidfoot.HelpActivity"
31-->src\main\AndroidManifest.xml:27:13-54
32            android:label="@string/title_activity_help" >
32-->src\main\AndroidManifest.xml:28:13-56
33        </activity>
34        <activity
34-->src\main\AndroidManifest.xml:30:9-33:20
35            android:name="org.droidfoot.SettingsActivity"
35-->src\main\AndroidManifest.xml:31:13-58
36            android:label="@string/title_activity_settings" >
36-->src\main\AndroidManifest.xml:32:13-60
37        </activity>
38    </application>
39
40</manifest>